<?xml version="1.0" encoding="UTF-8"?>
<!-- Generated by org.testng.reporters.JUnitXMLReporter -->
<testsuite ignored="0" hostname="DESKTOP-2VJ9K9G" failures="0" tests="3" name="Default test" time="18.305" errors="0" timestamp="2022-12-12T09:20:20 PST">
  <testcase classname="com.testng.Guru99" name="search" time="4.625"/>
  <testcase classname="com.testng.Guru99" name="search" time="2.28"/>
  <testcase classname="com.testng.Guru99" name="search" time="1.357"/>
</testsuite> <!-- Default test -->
